[debug] [2022-07-31T15:56:23.049Z] ----------------------------------------------------------------------
[debug] [2022-07-31T15:56:23.053Z] Command:       C:\Program Files\nodejs\node.exe C:\Users\Mariano\AppData\Roaming\npm\node_modules\firebase-tools\lib\bin\firebase.js apps:list
[debug] [2022-07-31T15:56:23.054Z] CLI Version:   9.12.0
[debug] [2022-07-31T15:56:23.054Z] Platform:      win32
[debug] [2022-07-31T15:56:23.054Z] Node Version:  v12.22.8
[debug] [2022-07-31T15:56:23.056Z] Time:          Sun Jul 31 2022 12:56:23 GMT-0300 (GMT-03:00)
[debug] [2022-07-31T15:56:23.056Z] ----------------------------------------------------------------------
[debug] 
[debug] [2022-07-31T15:56:23.067Z] > command requires scopes: ["email","openid","https://www.googleapis.com/auth/cloudplatformprojects.readonly","https://www.googleapis.com/auth/firebase","https://www.googleapis.com/auth/cloud-platform"]
[debug] [2022-07-31T15:56:23.067Z] > authorizing via signed-in user (said.mariano.j@gmail.com)
[debug] [2022-07-31T15:56:23.077Z] > refreshing access token with scopes: ["email","https://www.googleapis.com/auth/cloud-platform","https://www.googleapis.com/auth/cloudplatformprojects.readonly","https://www.googleapis.com/auth/firebase","openid"]
[debug] [2022-07-31T15:56:23.077Z] >>> HTTP REQUEST POST https://www.googleapis.com/oauth2/v3/token  
 <request body omitted>
[debug] [2022-07-31T15:56:23.302Z] Authentication Error: Your credentials are no longer valid. Please run firebase login --reauth

For CI servers and headless environments, generate a new token with firebase login:ci
[debug] [2022-07-31T15:56:23.307Z] FirebaseError: Authentication Error: Your credentials are no longer valid. Please run firebase login --reauth

For CI servers and headless environments, generate a new token with firebase login:ci
    at invalidCredentialError (C:\Users\Mariano\AppData\Roaming\npm\node_modules\firebase-tools\lib\auth.js:141:12)
    at refreshTokens (C:\Users\Mariano\AppData\Roaming\npm\node_modules\firebase-tools\lib\auth.js:448:15)
    at processTicksAndRejections (internal/process/task_queues.js:97:5)
[error] 
[error] Error: Failed to list Firebase apps. See firebase-debug.log for more info.
[debug] [2022-07-31T15:56:47.574Z] ----------------------------------------------------------------------
[debug] [2022-07-31T15:56:47.577Z] Command:       C:\Program Files\nodejs\node.exe C:\Users\Mariano\AppData\Roaming\npm\node_modules\firebase-tools\lib\bin\firebase.js init
[debug] [2022-07-31T15:56:47.578Z] CLI Version:   9.12.0
[debug] [2022-07-31T15:56:47.578Z] Platform:      win32
[debug] [2022-07-31T15:56:47.578Z] Node Version:  v12.22.8
[debug] [2022-07-31T15:56:47.580Z] Time:          Sun Jul 31 2022 12:56:47 GMT-0300 (GMT-03:00)
[debug] [2022-07-31T15:56:47.580Z] ----------------------------------------------------------------------
[debug] 
[debug] [2022-07-31T15:56:47.591Z] > command requires scopes: ["email","openid","https://www.googleapis.com/auth/cloudplatformprojects.readonly","https://www.googleapis.com/auth/firebase","https://www.googleapis.com/auth/cloud-platform"]
[debug] [2022-07-31T15:56:47.591Z] > authorizing via signed-in user (said.mariano.j@gmail.com)
[info] 
     ######## #### ########  ######## ########     ###     ######  ########
     ##        ##  ##     ## ##       ##     ##  ##   ##  ##       ##
     ######    ##  ########  ######   ########  #########  ######  ######
     ##        ##  ##    ##  ##       ##     ## ##     ##       ## ##
     ##       #### ##     ## ######## ########  ##     ##  ######  ########

You're about to initialize a Firebase project in this directory:

  D:\Argentina Programa\Portfolio\ProyectoIntegrador_MarianoSaid\ProyectoIntegrador_MarianoSaid\frontEnd

Before we get started, keep in mind:

  * You are initializing in an existing Firebase project directory

[info] 
=== Project Setup
[info] 
[info] First, let's associate this project directory with a Firebase project.
[info] You can create multiple project aliases by running firebase use --add, 
[info] but for now we'll just set up a default project.
[info] 
[info] i  .firebaserc already has a default project, using appfrontms. 
[debug] [2022-07-31T15:56:50.036Z] >>> [apiv2][query] GET https://firebase.googleapis.com/v1beta1/projects/appfrontms [none]
[debug] [2022-07-31T15:56:50.252Z] Failed to make request to https://firebase.googleapis.com/v1beta1/projects/appfrontms
[debug] [2022-07-31T15:56:50.254Z] FirebaseError: Failed to make request to https://firebase.googleapis.com/v1beta1/projects/appfrontms
    at Client.doRequest (C:\Users\Mariano\AppData\Roaming\npm\node_modules\firebase-tools\lib\apiv2.js:211:19)
    at processTicksAndRejections (internal/process/task_queues.js:97:5)
[error] 
[error] Error: Failed to get Firebase project appfrontms. Please make sure the project exists and your account has permission to access it.
